<?xml version="1.0" encoding="UTF-8"?>
<!-- Generated by org.testng.reporters.JUnitReportReporter -->
<testsuite hostname="QT-INNO-LT0927" failures="0" tests="1" name="Selenium4Features.SeleniumSnapshotofFeature" time="22.531" errors="0" timestamp="2021-12-31T19:45:09 IST" skipped="0">
  <testcase classname="Selenium4Features.SeleniumSnapshotofFeature" name="SectionSnapshot" time="22.531"/>
  <system-out/>
</testsuite> <!-- Selenium4Features.SeleniumSnapshotofFeature -->
