<?xml version="1.0" encoding="UTF-8"?>
<!-- Generated by org.testng.reporters.JUnitReportReporter -->
<testsuite hostname="QT-INNO-LT0927" failures="0" tests="1" name="Selenium4Features.KeyboardActions" time="20.501" errors="0" timestamp="2021-12-31T19:48:59 IST" skipped="0">
  <testcase classname="Selenium4Features.KeyboardActions" name="keydown" time="20.501"/>
  <system-out/>
</testsuite> <!-- Selenium4Features.KeyboardActions -->
