<?xml version="1.0" encoding="UTF-8"?>
<!-- Generated by org.testng.reporters.JUnitReportReporter -->
<testsuite hostname="QT-INNO-LT0927" failures="0" tests="1" name="Selenium4Features.WebElementsFeatures" time="3.122" errors="0" timestamp="2022-01-02T11:43:51 IST" skipped="0">
  <testcase classname="Selenium4Features.WebElementsFeatures" name="ElementEnabled" time="3.122"/>
  <system-out/>
</testsuite> <!-- Selenium4Features.WebElementsFeatures -->
